
=== Mon Dec 23 10:58:41 2019

Packages were changed.
Update Mode: mergeDefaultDependencies

The following packages were added:
  com.unity.ext.nunit@1.0.0
  com.unity.test-framework@1.0.13
  com.unity.ide.vscode@1.0.7
  com.unity.ide.visualstudio@1.0.11
  com.unity.ide.rider@1.0.8
  com.unity.ugui@1.0.0
  com.unity.modules.androidjni@1.0.0
The following packages were updated:
  com.unity.collab-proxy from version 1.2.9 to 1.2.16
  com.unity.textmeshpro from version 2.0.0 to 2.0.1
  com.unity.timeline from version 0.0.0-builtin to 1.1.0

=== Mon Dec 23 20:54:15 2019

Packages were changed.
Update Mode: updateDependencies

The following packages were updated:
  com.unity.ide.rider from version 1.0.8 to 1.1.0
  com.unity.ide.vscode from version 1.0.7 to 1.1.2
  com.unity.test-framework from version 1.0.13 to 1.1.3
  com.unity.timeline from version 1.1.0 to 1.2.4

=== Wed Apr 22 17:49:31 2020

Packages were changed.
Update Mode: updateDependencies

The following packages were updated:
  com.unity.ide.rider from version 1.1.0 to 1.1.4
  com.unity.ide.vscode from version 1.1.2 to 1.1.4
  com.unity.postprocessing from version 2.1.7 to 2.2.2
  com.unity.render-pipelines.universal from version 7.1.5 to 7.3.1
  com.unity.test-framework from version 1.1.3 to 1.1.13
  com.unity.timeline from version 1.2.4 to 1.2.6
